[2019-07-03 06:29:23.575] [exthost] [info] extension host started
[2019-07-03 06:29:23.599] [exthost] [info] ExtensionService#_doActivateExtension vscode.python {"startup":false,"activationEvent":"onLanguage:python"}
[2019-07-03 06:29:23.599] [exthost] [info] ExtensionService#loadCommonJSModule /usr/share/code/resources/app/extensions/python/out/pythonMain
[2019-07-03 06:29:23.601] [exthost] [info] ExtensionService#_doActivateExtension batisteo.vscode-django {"startup":false,"activationEvent":"onLanguage:python"}
[2019-07-03 06:29:23.601] [exthost] [info] ExtensionService#loadCommonJSModule /home/luffy/.vscode/extensions/batisteo.vscode-django-0.19.0/out/extension
[2019-07-03 06:29:23.608] [exthost] [info] ExtensionService#_doActivateExtension ms-python.python {"startup":false,"activationEvent":"onLanguage:python"}
[2019-07-03 06:29:23.608] [exthost] [info] ExtensionService#loadCommonJSModule /home/luffy/.vscode/extensions/ms-python.python-2019.6.22090/out/client/extension
[2019-07-03 06:29:23.708] [exthost] [info] ExtensionService#_doActivateExtension tht13.python {"startup":false,"activationEvent":"onLanguage:python"}
[2019-07-03 06:29:23.708] [exthost] [info] ExtensionService#loadCommonJSModule /home/luffy/.vscode/extensions/tht13.python-0.2.3/out/client/src/pythonMain
[2019-07-03 06:29:23.731] [exthost] [info] ExtensionService#_doActivateExtension VisualStudioExptTeam.vscodeintellicode {"startup":false,"activationEvent":"onLanguage:python"}
[2019-07-03 06:29:23.731] [exthost] [info] ExtensionService#loadCommonJSModule /home/luffy/.vscode/extensions/visualstudioexptteam.vscodeintellicode-1.1.7/dist/intellicode
[2019-07-03 06:29:23.786] [exthost] [info] ExtensionService#_doActivateExtension vscode.debug-auto-launch {"startup":true,"activationEvent":"*"}
[2019-07-03 06:29:23.786] [exthost] [info] ExtensionService#loadCommonJSModule /usr/share/code/resources/app/extensions/debug-auto-launch/dist/extension
[2019-07-03 06:29:23.788] [exthost] [info] ExtensionService#_doActivateExtension vscode.emmet {"startup":true,"activationEvent":"*"}
[2019-07-03 06:29:23.788] [exthost] [info] ExtensionService#loadCommonJSModule /usr/share/code/resources/app/extensions/emmet/dist/extension
[2019-07-03 06:29:23.792] [exthost] [info] ExtensionService#_doActivateExtension vscode.git {"startup":true,"activationEvent":"*"}
[2019-07-03 06:29:23.792] [exthost] [info] ExtensionService#loadCommonJSModule /usr/share/code/resources/app/extensions/git/dist/main
[2019-07-03 06:29:23.809] [exthost] [info] ExtensionService#_doActivateExtension vscode.merge-conflict {"startup":true,"activationEvent":"*"}
[2019-07-03 06:29:23.809] [exthost] [info] ExtensionService#loadCommonJSModule /usr/share/code/resources/app/extensions/merge-conflict/dist/extension
[2019-07-03 06:29:23.813] [exthost] [info] ExtensionService#_doActivateExtension christian-kohler.path-intellisense {"startup":true,"activationEvent":"*"}
[2019-07-03 06:29:23.813] [exthost] [info] ExtensionService#loadCommonJSModule /home/luffy/.vscode/extensions/christian-kohler.path-intellisense-1.4.2/out/src/extension
[2019-07-03 06:29:23.823] [exthost] [info] ExtensionService#_doActivateExtension dbaeumer.vscode-eslint {"startup":true,"activationEvent":"*"}
[2019-07-03 06:29:23.823] [exthost] [info] ExtensionService#loadCommonJSModule /home/luffy/.vscode/extensions/dbaeumer.vscode-eslint-1.9.0/client/out/extension
[2019-07-03 06:29:23.830] [exthost] [info] ExtensionService#_doActivateExtension eamodio.gitlens {"startup":true,"activationEvent":"*"}
[2019-07-03 06:29:23.830] [exthost] [info] ExtensionService#loadCommonJSModule /home/luffy/.vscode/extensions/eamodio.gitlens-9.8.2/dist/extension
[2019-07-03 06:29:24.081] [exthost] [info] eager extensions activated
