Looking for git in: git
Using git 2.17.1 from git
> git rev-parse --show-toplevel
> git config --get commit.template
Open repository: /media/luffy/Data2/finbox-lambdas
> git status -z -u
> git symbolic-ref --short HEAD
> git rev-parse StepFunctionTntegration
> git rev-parse --symbolic-full-name StepFunctionTntegration@{u}
fatal: no upstream configured for branch 'StepFunctionTntegration'
> git for-each-ref --format %(refname) %(objectname) --sort -committerdate
> git remote --verbose
> git check-ignore -v -z --stdin
> git check-ignore -v -z --stdin
> git status -z -u
> git symbolic-ref --short HEAD
> git rev-parse StepFunctionTntegration
> git rev-parse --symbolic-full-name StepFunctionTntegration@{u}
fatal: no upstream configured for branch 'StepFunctionTntegration'
> git for-each-ref --format %(refname) %(objectname) --sort -committerdate
> git remote --verbose
> git check-ignore -v -z --stdin
> git show :ingestion_assembly/python/utils/dispatcher.py
> git show :ingestion_assembly/handler.js
> git show :ingestion_assembly/serverless.yml
> git show :ingestion_assembly/handler.js
> git show :ingestion_assembly/python/utils/dispatcher.py
> git status -z -u
> git symbolic-ref --short HEAD
> git rev-parse StepFunctionTntegration
> git rev-parse --symbolic-full-name StepFunctionTntegration@{u}
fatal: no upstream configured for branch 'StepFunctionTntegration'
> git for-each-ref --format %(refname) %(objectname) --sort -committerdate
> git remote --verbose
> git show :ingestion_assembly/handler.js
> git status -z -u
> git symbolic-ref --short HEAD
> git rev-parse StepFunctionTntegration
> git rev-parse --symbolic-full-name StepFunctionTntegration@{u}
fatal: no upstream configured for branch 'StepFunctionTntegration'
> git for-each-ref --format %(refname) %(objectname) --sort -committerdate
> git remote --verbose
