[2019-07-02 15:35:07.465] [exthost] [info] extension host started
[2019-07-02 15:35:07.479] [exthost] [info] ExtensionService#_doActivateExtension vscode.debug-auto-launch {"startup":true,"activationEvent":"*"}
[2019-07-02 15:35:07.479] [exthost] [info] ExtensionService#loadCommonJSModule /usr/share/code/resources/app/extensions/debug-auto-launch/dist/extension
[2019-07-02 15:35:07.480] [exthost] [info] ExtensionService#_doActivateExtension vscode.emmet {"startup":true,"activationEvent":"*"}
[2019-07-02 15:35:07.480] [exthost] [info] ExtensionService#loadCommonJSModule /usr/share/code/resources/app/extensions/emmet/dist/extension
[2019-07-02 15:35:07.483] [exthost] [info] ExtensionService#_doActivateExtension vscode.git {"startup":true,"activationEvent":"*"}
[2019-07-02 15:35:07.483] [exthost] [info] ExtensionService#loadCommonJSModule /usr/share/code/resources/app/extensions/git/dist/main
[2019-07-02 15:35:07.500] [exthost] [info] ExtensionService#_doActivateExtension vscode.merge-conflict {"startup":true,"activationEvent":"*"}
[2019-07-02 15:35:07.500] [exthost] [info] ExtensionService#loadCommonJSModule /usr/share/code/resources/app/extensions/merge-conflict/dist/extension
[2019-07-02 15:35:07.502] [exthost] [info] ExtensionService#_doActivateExtension christian-kohler.path-intellisense {"startup":true,"activationEvent":"*"}
[2019-07-02 15:35:07.502] [exthost] [info] ExtensionService#loadCommonJSModule /home/luffy/.vscode/extensions/christian-kohler.path-intellisense-1.4.2/out/src/extension
[2019-07-02 15:35:07.506] [exthost] [info] ExtensionService#_doActivateExtension dbaeumer.vscode-eslint {"startup":true,"activationEvent":"*"}
[2019-07-02 15:35:07.506] [exthost] [info] ExtensionService#loadCommonJSModule /home/luffy/.vscode/extensions/dbaeumer.vscode-eslint-1.9.0/client/out/extension
[2019-07-02 15:35:07.513] [exthost] [info] ExtensionService#_doActivateExtension eamodio.gitlens {"startup":true,"activationEvent":"*"}
[2019-07-02 15:35:07.513] [exthost] [info] ExtensionService#loadCommonJSModule /home/luffy/.vscode/extensions/eamodio.gitlens-9.8.2/dist/extension
[2019-07-02 15:35:07.533] [exthost] [info] eager extensions activated
[2019-07-02 15:35:17.076] [exthost] [info] extension host started
[2019-07-02 15:35:17.089] [exthost] [info] ExtensionService#_doActivateExtension vscode.debug-auto-launch {"startup":true,"activationEvent":"*"}
[2019-07-02 15:35:17.089] [exthost] [info] ExtensionService#loadCommonJSModule /usr/share/code/resources/app/extensions/debug-auto-launch/dist/extension
[2019-07-02 15:35:17.090] [exthost] [info] ExtensionService#_doActivateExtension vscode.emmet {"startup":true,"activationEvent":"*"}
[2019-07-02 15:35:17.090] [exthost] [info] ExtensionService#loadCommonJSModule /usr/share/code/resources/app/extensions/emmet/dist/extension
[2019-07-02 15:35:17.093] [exthost] [info] ExtensionService#_doActivateExtension vscode.git {"startup":true,"activationEvent":"*"}
[2019-07-02 15:35:17.093] [exthost] [info] ExtensionService#loadCommonJSModule /usr/share/code/resources/app/extensions/git/dist/main
[2019-07-02 15:35:17.110] [exthost] [info] ExtensionService#_doActivateExtension vscode.merge-conflict {"startup":true,"activationEvent":"*"}
[2019-07-02 15:35:17.110] [exthost] [info] ExtensionService#loadCommonJSModule /usr/share/code/resources/app/extensions/merge-conflict/dist/extension
[2019-07-02 15:35:17.111] [exthost] [info] ExtensionService#_doActivateExtension christian-kohler.path-intellisense {"startup":true,"activationEvent":"*"}
[2019-07-02 15:35:17.111] [exthost] [info] ExtensionService#loadCommonJSModule /home/luffy/.vscode/extensions/christian-kohler.path-intellisense-1.4.2/out/src/extension
[2019-07-02 15:35:17.117] [exthost] [info] ExtensionService#_doActivateExtension dbaeumer.vscode-eslint {"startup":true,"activationEvent":"*"}
[2019-07-02 15:35:17.117] [exthost] [info] ExtensionService#loadCommonJSModule /home/luffy/.vscode/extensions/dbaeumer.vscode-eslint-1.9.0/client/out/extension
[2019-07-02 15:35:17.122] [exthost] [info] ExtensionService#_doActivateExtension eamodio.gitlens {"startup":true,"activationEvent":"*"}
[2019-07-02 15:35:17.122] [exthost] [info] ExtensionService#loadCommonJSModule /home/luffy/.vscode/extensions/eamodio.gitlens-9.8.2/dist/extension
[2019-07-02 15:35:17.333] [exthost] [info] eager extensions activated
[2019-07-02 15:35:46.126] [exthost] [info] ExtensionService#_doActivateExtension vscode.typescript-language-features {"startup":false,"activationEvent":"onLanguage:javascript"}
[2019-07-02 15:35:46.126] [exthost] [info] ExtensionService#loadCommonJSModule /usr/share/code/resources/app/extensions/typescript-language-features/dist/extension
[2019-07-02 15:35:46.138] [exthost] [info] ExtensionService#_doActivateExtension VisualStudioExptTeam.vscodeintellicode {"startup":false,"activationEvent":"onLanguage:javascript"}
[2019-07-02 15:35:46.138] [exthost] [info] ExtensionService#loadCommonJSModule /home/luffy/.vscode/extensions/visualstudioexptteam.vscodeintellicode-1.1.7/dist/intellicode
[2019-07-02 15:35:50.677] [exthost] [info] ExtensionService#_doActivateExtension vscode.configuration-editing {"startup":false,"activationEvent":"onLanguage:json"}
[2019-07-02 15:35:50.677] [exthost] [info] ExtensionService#loadCommonJSModule /usr/share/code/resources/app/extensions/configuration-editing/dist/extension
[2019-07-02 15:35:50.696] [exthost] [info] ExtensionService#_doActivateExtension vscode.extension-editing {"startup":false,"activationEvent":"onLanguage:json"}
[2019-07-02 15:35:50.696] [exthost] [info] ExtensionService#loadCommonJSModule /usr/share/code/resources/app/extensions/extension-editing/dist/extension
[2019-07-02 15:35:50.706] [exthost] [info] ExtensionService#_doActivateExtension vscode.json-language-features {"startup":false,"activationEvent":"onLanguage:json"}
[2019-07-02 15:35:50.706] [exthost] [info] ExtensionService#loadCommonJSModule /usr/share/code/resources/app/extensions/json-language-features/client/dist/jsonMain
[2019-07-02 15:35:50.718] [exthost] [info] ExtensionService#_doActivateExtension vscode.npm {"startup":false,"activationEvent":"onLanguage:json"}
[2019-07-02 15:35:50.718] [exthost] [info] ExtensionService#loadCommonJSModule /usr/share/code/resources/app/extensions/npm/dist/main
