[2019-07-02 15:18:36.757] [exthost] [info] extension host started
[2019-07-02 15:18:36.769] [exthost] [info] ExtensionService#_doActivateExtension vscode.debug-auto-launch {"startup":true,"activationEvent":"*"}
[2019-07-02 15:18:36.769] [exthost] [info] ExtensionService#loadCommonJSModule /usr/share/code/resources/app/extensions/debug-auto-launch/dist/extension
[2019-07-02 15:18:36.771] [exthost] [info] ExtensionService#_doActivateExtension vscode.emmet {"startup":true,"activationEvent":"*"}
[2019-07-02 15:18:36.771] [exthost] [info] ExtensionService#loadCommonJSModule /usr/share/code/resources/app/extensions/emmet/dist/extension
[2019-07-02 15:18:36.774] [exthost] [info] ExtensionService#_doActivateExtension vscode.git {"startup":true,"activationEvent":"*"}
[2019-07-02 15:18:36.774] [exthost] [info] ExtensionService#loadCommonJSModule /usr/share/code/resources/app/extensions/git/dist/main
[2019-07-02 15:18:36.793] [exthost] [info] ExtensionService#_doActivateExtension vscode.merge-conflict {"startup":true,"activationEvent":"*"}
[2019-07-02 15:18:36.793] [exthost] [info] ExtensionService#loadCommonJSModule /usr/share/code/resources/app/extensions/merge-conflict/dist/extension
[2019-07-02 15:18:36.795] [exthost] [info] ExtensionService#_doActivateExtension christian-kohler.path-intellisense {"startup":true,"activationEvent":"*"}
[2019-07-02 15:18:36.795] [exthost] [info] ExtensionService#loadCommonJSModule /home/luffy/.vscode/extensions/christian-kohler.path-intellisense-1.4.2/out/src/extension
[2019-07-02 15:18:36.804] [exthost] [info] ExtensionService#_doActivateExtension dbaeumer.vscode-eslint {"startup":true,"activationEvent":"*"}
[2019-07-02 15:18:36.804] [exthost] [info] ExtensionService#loadCommonJSModule /home/luffy/.vscode/extensions/dbaeumer.vscode-eslint-1.9.0/client/out/extension
[2019-07-02 15:18:36.811] [exthost] [info] ExtensionService#_doActivateExtension eamodio.gitlens {"startup":true,"activationEvent":"*"}
[2019-07-02 15:18:36.811] [exthost] [info] ExtensionService#loadCommonJSModule /home/luffy/.vscode/extensions/eamodio.gitlens-9.8.2/dist/extension
[2019-07-02 15:18:36.833] [exthost] [info] eager extensions activated
[2019-07-02 15:20:20.039] [exthost] [info] extension host started
[2019-07-02 15:20:20.057] [exthost] [info] ExtensionService#_doActivateExtension vscode.typescript-language-features {"startup":false,"activationEvent":"onLanguage:javascript"}
[2019-07-02 15:20:20.057] [exthost] [info] ExtensionService#loadCommonJSModule /usr/share/code/resources/app/extensions/typescript-language-features/dist/extension
[2019-07-02 15:20:20.073] [exthost] [info] ExtensionService#_doActivateExtension VisualStudioExptTeam.vscodeintellicode {"startup":false,"activationEvent":"onLanguage:javascript"}
[2019-07-02 15:20:20.073] [exthost] [info] ExtensionService#loadCommonJSModule /home/luffy/.vscode/extensions/visualstudioexptteam.vscodeintellicode-1.1.7/dist/intellicode
[2019-07-02 15:20:20.128] [exthost] [info] ExtensionService#_doActivateExtension vscode.debug-auto-launch {"startup":true,"activationEvent":"*"}
[2019-07-02 15:20:20.128] [exthost] [info] ExtensionService#loadCommonJSModule /usr/share/code/resources/app/extensions/debug-auto-launch/dist/extension
[2019-07-02 15:20:20.130] [exthost] [info] ExtensionService#_doActivateExtension vscode.emmet {"startup":true,"activationEvent":"*"}
[2019-07-02 15:20:20.130] [exthost] [info] ExtensionService#loadCommonJSModule /usr/share/code/resources/app/extensions/emmet/dist/extension
[2019-07-02 15:20:20.133] [exthost] [info] ExtensionService#_doActivateExtension vscode.git {"startup":true,"activationEvent":"*"}
[2019-07-02 15:20:20.133] [exthost] [info] ExtensionService#loadCommonJSModule /usr/share/code/resources/app/extensions/git/dist/main
[2019-07-02 15:20:20.182] [exthost] [info] ExtensionService#_doActivateExtension vscode.merge-conflict {"startup":true,"activationEvent":"*"}
[2019-07-02 15:20:20.182] [exthost] [info] ExtensionService#loadCommonJSModule /usr/share/code/resources/app/extensions/merge-conflict/dist/extension
[2019-07-02 15:20:20.183] [exthost] [info] ExtensionService#_doActivateExtension christian-kohler.path-intellisense {"startup":true,"activationEvent":"*"}
[2019-07-02 15:20:20.183] [exthost] [info] ExtensionService#loadCommonJSModule /home/luffy/.vscode/extensions/christian-kohler.path-intellisense-1.4.2/out/src/extension
[2019-07-02 15:20:20.188] [exthost] [info] ExtensionService#_doActivateExtension dbaeumer.vscode-eslint {"startup":true,"activationEvent":"*"}
[2019-07-02 15:20:20.188] [exthost] [info] ExtensionService#loadCommonJSModule /home/luffy/.vscode/extensions/dbaeumer.vscode-eslint-1.9.0/client/out/extension
[2019-07-02 15:20:20.194] [exthost] [info] ExtensionService#_doActivateExtension eamodio.gitlens {"startup":true,"activationEvent":"*"}
[2019-07-02 15:20:20.194] [exthost] [info] ExtensionService#loadCommonJSModule /home/luffy/.vscode/extensions/eamodio.gitlens-9.8.2/dist/extension
[2019-07-02 15:20:20.904] [exthost] [info] eager extensions activated
[2019-07-02 15:20:56.820] [exthost] [info] ExtensionService#_doActivateExtension vscode.python {"startup":false,"activationEvent":"onLanguage:python"}
[2019-07-02 15:20:56.820] [exthost] [info] ExtensionService#loadCommonJSModule /usr/share/code/resources/app/extensions/python/out/pythonMain
[2019-07-02 15:20:56.839] [exthost] [info] ExtensionService#_doActivateExtension batisteo.vscode-django {"startup":false,"activationEvent":"onLanguage:python"}
[2019-07-02 15:20:56.841] [exthost] [info] ExtensionService#loadCommonJSModule /home/luffy/.vscode/extensions/batisteo.vscode-django-0.19.0/out/extension
[2019-07-02 15:20:56.856] [exthost] [info] ExtensionService#_doActivateExtension ms-python.python {"startup":false,"activationEvent":"onLanguage:python"}
[2019-07-02 15:20:56.856] [exthost] [info] ExtensionService#loadCommonJSModule /home/luffy/.vscode/extensions/ms-python.python-2019.6.22090/out/client/extension
[2019-07-02 15:20:57.009] [exthost] [info] ExtensionService#_doActivateExtension tht13.python {"startup":false,"activationEvent":"onLanguage:python"}
[2019-07-02 15:20:57.009] [exthost] [info] ExtensionService#loadCommonJSModule /home/luffy/.vscode/extensions/tht13.python-0.2.3/out/client/src/pythonMain
[2019-07-02 15:25:13.446] [exthost] [error] [ms-python.python] provider FAILED
[2019-07-02 15:25:13.458] [exthost] [error] Error: name must not be falsy
	at Function.validate (/usr/share/code/resources/app/out/vs/workbench/services/extensions/node/extensionHostProcess.js:345:71)
	at new w (/usr/share/code/resources/app/out/vs/workbench/services/extensions/node/extensionHostProcess.js:345:20)
	at new w (/usr/share/code/resources/app/out/vs/workbench/services/extensions/node/extensionHostProcess.js:333:525)
	at O (/home/luffy/.vscode/extensions/ms-python.python-2019.6.22090/out/client/extension.js:75:79946)
	at Array.map (<anonymous>)
	at Object.asDocumentSymbols (/home/luffy/.vscode/extensions/ms-python.python-2019.6.22090/out/client/extension.js:75:84017)
	at module.exports.registerLanguageProvider.t.sendRequest.then.e (/home/luffy/.vscode/extensions/ms-python.python-2019.6.22090/out/client/extension.js:1:173205)
[2019-07-02 15:25:42.959] [exthost] [error] [ms-python.python] provider FAILED
[2019-07-02 15:25:42.960] [exthost] [error] Error: name must not be falsy
	at Function.validate (/usr/share/code/resources/app/out/vs/workbench/services/extensions/node/extensionHostProcess.js:345:71)
	at new w (/usr/share/code/resources/app/out/vs/workbench/services/extensions/node/extensionHostProcess.js:345:20)
	at new w (/usr/share/code/resources/app/out/vs/workbench/services/extensions/node/extensionHostProcess.js:333:525)
	at O (/home/luffy/.vscode/extensions/ms-python.python-2019.6.22090/out/client/extension.js:75:79946)
	at Array.map (<anonymous>)
	at Object.asDocumentSymbols (/home/luffy/.vscode/extensions/ms-python.python-2019.6.22090/out/client/extension.js:75:84017)
	at module.exports.registerLanguageProvider.t.sendRequest.then.e (/home/luffy/.vscode/extensions/ms-python.python-2019.6.22090/out/client/extension.js:1:173205)
[2019-07-02 15:25:43.345] [exthost] [error] [ms-python.python] provider FAILED
[2019-07-02 15:25:43.346] [exthost] [error] Error: name must not be falsy
	at Function.validate (/usr/share/code/resources/app/out/vs/workbench/services/extensions/node/extensionHostProcess.js:345:71)
	at new w (/usr/share/code/resources/app/out/vs/workbench/services/extensions/node/extensionHostProcess.js:345:20)
	at new w (/usr/share/code/resources/app/out/vs/workbench/services/extensions/node/extensionHostProcess.js:333:525)
	at O (/home/luffy/.vscode/extensions/ms-python.python-2019.6.22090/out/client/extension.js:75:79946)
	at Array.map (<anonymous>)
	at Object.asDocumentSymbols (/home/luffy/.vscode/extensions/ms-python.python-2019.6.22090/out/client/extension.js:75:84017)
	at module.exports.registerLanguageProvider.t.sendRequest.then.e (/home/luffy/.vscode/extensions/ms-python.python-2019.6.22090/out/client/extension.js:1:173205)
[2019-07-02 15:25:43.896] [exthost] [error] [ms-python.python] provider FAILED
[2019-07-02 15:25:43.896] [exthost] [error] Error: name must not be falsy
	at Function.validate (/usr/share/code/resources/app/out/vs/workbench/services/extensions/node/extensionHostProcess.js:345:71)
	at new w (/usr/share/code/resources/app/out/vs/workbench/services/extensions/node/extensionHostProcess.js:345:20)
	at new w (/usr/share/code/resources/app/out/vs/workbench/services/extensions/node/extensionHostProcess.js:333:525)
	at O (/home/luffy/.vscode/extensions/ms-python.python-2019.6.22090/out/client/extension.js:75:79946)
	at Array.map (<anonymous>)
	at Object.asDocumentSymbols (/home/luffy/.vscode/extensions/ms-python.python-2019.6.22090/out/client/extension.js:75:84017)
	at module.exports.registerLanguageProvider.t.sendRequest.then.e (/home/luffy/.vscode/extensions/ms-python.python-2019.6.22090/out/client/extension.js:1:173205)
[2019-07-02 17:11:29.735] [exthost] [info] ExtensionService#_doActivateExtension vscode.configuration-editing {"startup":false,"activationEvent":"onLanguage:json"}
[2019-07-02 17:11:29.735] [exthost] [info] ExtensionService#loadCommonJSModule /usr/share/code/resources/app/extensions/configuration-editing/dist/extension
[2019-07-02 17:11:29.737] [exthost] [info] ExtensionService#_doActivateExtension vscode.extension-editing {"startup":false,"activationEvent":"onLanguage:json"}
[2019-07-02 17:11:29.737] [exthost] [info] ExtensionService#loadCommonJSModule /usr/share/code/resources/app/extensions/extension-editing/dist/extension
[2019-07-02 17:11:29.746] [exthost] [info] ExtensionService#_doActivateExtension vscode.json-language-features {"startup":false,"activationEvent":"onLanguage:json"}
[2019-07-02 17:11:29.746] [exthost] [info] ExtensionService#loadCommonJSModule /usr/share/code/resources/app/extensions/json-language-features/client/dist/jsonMain
[2019-07-02 17:11:29.771] [exthost] [info] ExtensionService#_doActivateExtension vscode.npm {"startup":false,"activationEvent":"onLanguage:json"}
[2019-07-02 17:11:29.771] [exthost] [info] ExtensionService#loadCommonJSModule /usr/share/code/resources/app/extensions/npm/dist/main
