Looking for git in: git
Using git 2.17.1 from git
> git rev-parse --show-toplevel
> git config --get commit.template
Open repository: /media/luffy/Data2/bankstatementuploader
> git status -z -u
> git symbolic-ref --short HEAD
> git rev-parse master
> git rev-parse --symbolic-full-name master@{u}
> git rev-list --left-right master...refs/remotes/origin/master
> git check-ignore -v -z --stdin
> git for-each-ref --format %(refname) %(objectname) --sort -committerdate
> git remote --verbose
> git check-ignore -v -z --stdin
> git check-ignore -v -z --stdin
> git check-ignore -v -z --stdin
> git show :src/components/BankConnect.js
> git check-ignore -v -z --stdin
> git show :.vscode/settings.json
> git show :src/components/BankConnect.js
> git show :src/components/ExitModal.js
> git show :src/components/env_Variables.js
