Looking for git in: git
Using git 2.17.1 from git
> git rev-parse --show-toplevel
> git config --get commit.template
Open repository: /media/luffy/Data1/Projects/finbox-lambdas
> git status -z -u
> git symbolic-ref --short HEAD
> git rev-parse Rajil-Test
> git rev-parse --symbolic-full-name Rajil-Test@{u}
fatal: no upstream configured for branch 'Rajil-Test'
> git for-each-ref --format %(refname) %(objectname) --sort -committerdate
> git remote --verbose
> git check-ignore -v -z --stdin
> git check-ignore -v -z --stdin
> git show :ingestion_assembly/python/handler.py
> git check-ignore -v -z --stdin
> git rev-parse --show-toplevel
fatal: not a git repository (or any of the parent directories): .git
> git show :ingestion_assembly/python/handler.py
> git rev-parse --show-toplevel
fatal: not a git repository (or any of the parent directories): .git
> git rev-parse --show-toplevel
fatal: not a git repository (or any of the parent directories): .git
> git rev-parse --show-toplevel
fatal: not a git repository (or any of the parent directories): .git
> git show :ingestion_assembly/python/handler.py
> git show :ingestion_assembly/python/utils/data_sources/sms.py
> git check-ignore -v -z --stdin
> git show :ingestion_assembly/python/handler.py
> git check-ignore -v -z --stdin
> git check-ignore -v -z --stdin
> git show :ingestion_assembly/python/utils/services/__init__.py
> git show :ingestion_assembly/python/handler.py
> git show :ingestion_assembly/__init__.py
> git show :ingestion_assembly/python/utils/__init__.py
> git show :ingestion_assembly/python/utils/services/__init__.py
> git show :ingestion_assembly/python/utils/data_sources/__init__.py
> git show :ingestion_assembly/contextlib2.py
> git check-ignore -v -z --stdin
> git show :ingestion_assembly/.idea/ingestion_assembly.iml
> git ls-files --stage -- ingestion_assembly/.idea/
> git show :ingestion_assembly/.idea/vcs.xml
> git ls-files --stage -- ingestion_assembly/.idea/
> git check-ignore -v -z --stdin
> git show :ingestion_assembly/python/utils/data_sources/sms.py
> git show :ingestion_assembly/python/utils/data_sources/sms_meta.py
> git show :ingestion_assembly/python/utils/sqs.py
> git show :ingestion_assembly/python/utils/service.py
> git show :ingestion_assembly/python/utils/user.py
> git show :ingestion_assembly/python/utils/services/predictors.py
> git show :ingestion_assembly/python/utils/services/device.py
> git show :ingestion_assembly/python/utils/dispatcher.py
> git show :ingestion_assembly/python/utils/data_sources/sms.py
> git check-ignore -v -z --stdin
> git check-ignore -v -z --stdin
> git show :ingestion_assembly/tests/test_data_sources.py
> git status -z -u
> git symbolic-ref --short HEAD
> git rev-parse Rajil-Test
> git rev-parse --symbolic-full-name Rajil-Test@{u}
fatal: no upstream configured for branch 'Rajil-Test'
> git for-each-ref --format %(refname) %(objectname) --sort -committerdate
> git remote --verbose
> git status -z -u
> git symbolic-ref --short HEAD
> git rev-parse Rajil-Test
> git rev-parse --symbolic-full-name Rajil-Test@{u}
fatal: no upstream configured for branch 'Rajil-Test'
> git for-each-ref --format %(refname) %(objectname) --sort -committerdate
> git remote --verbose
> git status -z -u
> git symbolic-ref --short HEAD
> git rev-parse Rajil-Test
> git rev-parse --symbolic-full-name Rajil-Test@{u}
fatal: no upstream configured for branch 'Rajil-Test'
> git for-each-ref --format %(refname) %(objectname) --sort -committerdate
> git remote --verbose
> git status -z -u
> git symbolic-ref --short HEAD
> git rev-parse Rajil-Test
> git rev-parse --symbolic-full-name Rajil-Test@{u}
fatal: no upstream configured for branch 'Rajil-Test'
> git for-each-ref --format %(refname) %(objectname) --sort -committerdate
> git remote --verbose
> git show :ingestion_assembly/tests/test_client.py
> git status -z -u
> git symbolic-ref --short HEAD
> git rev-parse Rajil-Test
> git rev-parse --symbolic-full-name Rajil-Test@{u}
fatal: no upstream configured for branch 'Rajil-Test'
> git for-each-ref --format %(refname) %(objectname) --sort -committerdate
> git remote --verbose
> git show :ingestion_assembly/tests/test_dispatcher_file.py
> git status -z -u
> git symbolic-ref --short HEAD
> git rev-parse Rajil-Test
> git rev-parse --symbolic-full-name Rajil-Test@{u}
fatal: no upstream configured for branch 'Rajil-Test'
> git for-each-ref --format %(refname) %(objectname) --sort -committerdate
> git remote --verbose
> git show :ingestion_assembly/tests/test_dispatcher.py
> git status -z -u
> git symbolic-ref --short HEAD
> git rev-parse Rajil-Test
> git rev-parse --symbolic-full-name Rajil-Test@{u}
fatal: no upstream configured for branch 'Rajil-Test'
> git for-each-ref --format %(refname) %(objectname) --sort -committerdate
> git remote --verbose
> git show :ingestion_assembly/tests/test_events.py
> git status -z -u
> git symbolic-ref --short HEAD
> git rev-parse Rajil-Test
> git rev-parse --symbolic-full-name Rajil-Test@{u}
fatal: no upstream configured for branch 'Rajil-Test'
> git for-each-ref --format %(refname) %(objectname) --sort -committerdate
> git remote --verbose
> git show :ingestion_assembly/tests/test_predictor_handler.py
> git status -z -u
> git symbolic-ref --short HEAD
> git rev-parse Rajil-Test
> git rev-parse --symbolic-full-name Rajil-Test@{u}
fatal: no upstream configured for branch 'Rajil-Test'
> git for-each-ref --format %(refname) %(objectname) --sort -committerdate
> git remote --verbose
> git show :ingestion_assembly/tests/test_service.py
> git status -z -u
> git symbolic-ref --short HEAD
> git rev-parse Rajil-Test
> git rev-parse --symbolic-full-name Rajil-Test@{u}
fatal: no upstream configured for branch 'Rajil-Test'
> git for-each-ref --format %(refname) %(objectname) --sort -committerdate
> git remote --verbose
> git show :ingestion_assembly/tests/test_request.py
> git status -z -u
> git symbolic-ref --short HEAD
> git rev-parse Rajil-Test
> git rev-parse --symbolic-full-name Rajil-Test@{u}
fatal: no upstream configured for branch 'Rajil-Test'
> git for-each-ref --format %(refname) %(objectname) --sort -committerdate
> git remote --verbose
> git status -z -u
> git symbolic-ref --short HEAD
> git rev-parse Rajil-Test
> git rev-parse --symbolic-full-name Rajil-Test@{u}
fatal: no upstream configured for branch 'Rajil-Test'
> git for-each-ref --format %(refname) %(objectname) --sort -committerdate
> git remote --verbose
> git status -z -u
> git symbolic-ref --short HEAD
> git rev-parse Rajil-Test
> git rev-parse --symbolic-full-name Rajil-Test@{u}
fatal: no upstream configured for branch 'Rajil-Test'
> git for-each-ref --format %(refname) %(objectname) --sort -committerdate
> git remote --verbose
> git show :ingestion_assembly/tests/test_events.py
> git status -z -u
> git symbolic-ref --short HEAD
> git rev-parse Rajil-Test
> git rev-parse --symbolic-full-name Rajil-Test@{u}
fatal: no upstream configured for branch 'Rajil-Test'
> git for-each-ref --format %(refname) %(objectname) --sort -committerdate
> git remote --verbose
> git status -z -u
> git symbolic-ref --short HEAD
> git rev-parse Rajil-Test
> git rev-parse --symbolic-full-name Rajil-Test@{u}
fatal: no upstream configured for branch 'Rajil-Test'
> git for-each-ref --format %(refname) %(objectname) --sort -committerdate
> git remote --verbose
> git status -z -u
> git symbolic-ref --short HEAD
> git rev-parse Rajil-Test
> git rev-parse --symbolic-full-name Rajil-Test@{u}
fatal: no upstream configured for branch 'Rajil-Test'
> git for-each-ref --format %(refname) %(objectname) --sort -committerdate
> git remote --verbose
> git show :ingestion_assembly/tests/test_request.py
> git show :ingestion_assembly/tests/test_predictor_handler.py
> git show :ingestion_assembly/tests/test_request.py
> git show :ingestion_assembly/python/handler.py
> git show :ingestion_assembly/python/utils/data_sources/sms.py
> git check-ignore -v -z --stdin
