Looking for git in: git
Using git 2.17.1 from git
> git rev-parse --show-toplevel
> git config --get commit.template
Open repository: /media/luffy/Data2/finbox-lambdas
> git status -z -u
> git symbolic-ref --short HEAD
> git rev-parse StepFunctionTntegration
> git rev-parse --symbolic-full-name StepFunctionTntegration@{u}
fatal: no upstream configured for branch 'StepFunctionTntegration'
> git for-each-ref --format %(refname) %(objectname) --sort -committerdate
> git remote --verbose
> git check-ignore -v -z --stdin
> git show :ingestion_assembly/handler.js
> git check-ignore -v -z --stdin
> git check-ignore -v -z --stdin
> git show :ingestion_assembly/python/handler.py
> git show :ingestion_assembly/handler.js
> git show :ingestion_assembly/python/handler.py
> git check-ignore -v -z --stdin
git.getSCMResource.uri file:///media/luffy/Data2/finbox-lambdas/ingestion_assembly/python/handler.py
repo root /media/luffy/Data2/finbox-lambdas
> git ls-tree -l HEAD -- /media/luffy/Data2/finbox-lambdas/ingestion_assembly/python/handler.py
> git show 71539b118bc7349b45a593568f953bd87376cda0
> git show HEAD:ingestion_assembly/python/handler.py
> git show :ingestion_assembly/python/handler.py
