[2019-07-02 11:26:10.196] [exthost] [info] extension host started
[2019-07-02 11:26:10.209] [exthost] [info] ExtensionService#_doActivateExtension vscode.debug-auto-launch {"startup":true,"activationEvent":"*"}
[2019-07-02 11:26:10.209] [exthost] [info] ExtensionService#loadCommonJSModule /usr/share/code/resources/app/extensions/debug-auto-launch/dist/extension
[2019-07-02 11:26:10.211] [exthost] [info] ExtensionService#_doActivateExtension vscode.emmet {"startup":true,"activationEvent":"*"}
[2019-07-02 11:26:10.211] [exthost] [info] ExtensionService#loadCommonJSModule /usr/share/code/resources/app/extensions/emmet/dist/extension
[2019-07-02 11:26:10.214] [exthost] [info] ExtensionService#_doActivateExtension vscode.git {"startup":true,"activationEvent":"*"}
[2019-07-02 11:26:10.214] [exthost] [info] ExtensionService#loadCommonJSModule /usr/share/code/resources/app/extensions/git/dist/main
[2019-07-02 11:26:10.233] [exthost] [info] ExtensionService#_doActivateExtension vscode.merge-conflict {"startup":true,"activationEvent":"*"}
[2019-07-02 11:26:10.233] [exthost] [info] ExtensionService#loadCommonJSModule /usr/share/code/resources/app/extensions/merge-conflict/dist/extension
[2019-07-02 11:26:10.235] [exthost] [info] ExtensionService#_doActivateExtension christian-kohler.path-intellisense {"startup":true,"activationEvent":"*"}
[2019-07-02 11:26:10.235] [exthost] [info] ExtensionService#loadCommonJSModule /home/luffy/.vscode/extensions/christian-kohler.path-intellisense-1.4.2/out/src/extension
[2019-07-02 11:26:10.245] [exthost] [info] ExtensionService#_doActivateExtension dbaeumer.vscode-eslint {"startup":true,"activationEvent":"*"}
[2019-07-02 11:26:10.245] [exthost] [info] ExtensionService#loadCommonJSModule /home/luffy/.vscode/extensions/dbaeumer.vscode-eslint-1.9.0/client/out/extension
[2019-07-02 11:26:10.251] [exthost] [info] ExtensionService#_doActivateExtension eamodio.gitlens {"startup":true,"activationEvent":"*"}
[2019-07-02 11:26:10.251] [exthost] [info] ExtensionService#loadCommonJSModule /home/luffy/.vscode/extensions/eamodio.gitlens-9.8.2/dist/extension
[2019-07-02 11:26:10.276] [exthost] [info] eager extensions activated
[2019-07-02 11:26:14.478] [exthost] [info] extension host started
[2019-07-02 11:26:14.501] [exthost] [info] ExtensionService#_doActivateExtension vscode.debug-auto-launch {"startup":true,"activationEvent":"*"}
[2019-07-02 11:26:14.501] [exthost] [info] ExtensionService#loadCommonJSModule /usr/share/code/resources/app/extensions/debug-auto-launch/dist/extension
[2019-07-02 11:26:14.503] [exthost] [info] ExtensionService#_doActivateExtension vscode.emmet {"startup":true,"activationEvent":"*"}
[2019-07-02 11:26:14.503] [exthost] [info] ExtensionService#loadCommonJSModule /usr/share/code/resources/app/extensions/emmet/dist/extension
[2019-07-02 11:26:14.506] [exthost] [info] ExtensionService#_doActivateExtension vscode.git {"startup":true,"activationEvent":"*"}
[2019-07-02 11:26:14.506] [exthost] [info] ExtensionService#loadCommonJSModule /usr/share/code/resources/app/extensions/git/dist/main
[2019-07-02 11:26:14.528] [exthost] [info] ExtensionService#_doActivateExtension vscode.merge-conflict {"startup":true,"activationEvent":"*"}
[2019-07-02 11:26:14.528] [exthost] [info] ExtensionService#loadCommonJSModule /usr/share/code/resources/app/extensions/merge-conflict/dist/extension
[2019-07-02 11:26:14.530] [exthost] [info] ExtensionService#_doActivateExtension christian-kohler.path-intellisense {"startup":true,"activationEvent":"*"}
[2019-07-02 11:26:14.530] [exthost] [info] ExtensionService#loadCommonJSModule /home/luffy/.vscode/extensions/christian-kohler.path-intellisense-1.4.2/out/src/extension
[2019-07-02 11:26:14.534] [exthost] [info] ExtensionService#_doActivateExtension dbaeumer.vscode-eslint {"startup":true,"activationEvent":"*"}
[2019-07-02 11:26:14.534] [exthost] [info] ExtensionService#loadCommonJSModule /home/luffy/.vscode/extensions/dbaeumer.vscode-eslint-1.9.0/client/out/extension
[2019-07-02 11:26:14.541] [exthost] [info] ExtensionService#_doActivateExtension eamodio.gitlens {"startup":true,"activationEvent":"*"}
[2019-07-02 11:26:14.541] [exthost] [info] ExtensionService#loadCommonJSModule /home/luffy/.vscode/extensions/eamodio.gitlens-9.8.2/dist/extension
[2019-07-02 11:26:14.836] [exthost] [info] eager extensions activated
[2019-07-02 11:27:01.015] [exthost] [info] ExtensionService#_doActivateExtension vscode.python {"startup":false,"activationEvent":"onLanguage:python"}
[2019-07-02 11:27:01.015] [exthost] [info] ExtensionService#loadCommonJSModule /usr/share/code/resources/app/extensions/python/out/pythonMain
[2019-07-02 11:27:01.016] [exthost] [info] ExtensionService#_doActivateExtension batisteo.vscode-django {"startup":false,"activationEvent":"onLanguage:python"}
[2019-07-02 11:27:01.016] [exthost] [info] ExtensionService#loadCommonJSModule /home/luffy/.vscode/extensions/batisteo.vscode-django-0.19.0/out/extension
[2019-07-02 11:27:01.024] [exthost] [info] ExtensionService#_doActivateExtension ms-python.python {"startup":false,"activationEvent":"onLanguage:python"}
[2019-07-02 11:27:01.024] [exthost] [info] ExtensionService#loadCommonJSModule /home/luffy/.vscode/extensions/ms-python.python-2019.6.22090/out/client/extension
[2019-07-02 11:27:01.147] [exthost] [info] ExtensionService#_doActivateExtension tht13.python {"startup":false,"activationEvent":"onLanguage:python"}
[2019-07-02 11:27:01.147] [exthost] [info] ExtensionService#loadCommonJSModule /home/luffy/.vscode/extensions/tht13.python-0.2.3/out/client/src/pythonMain
[2019-07-02 11:27:01.170] [exthost] [info] ExtensionService#_doActivateExtension VisualStudioExptTeam.vscodeintellicode {"startup":false,"activationEvent":"onLanguage:python"}
[2019-07-02 11:27:01.170] [exthost] [info] ExtensionService#loadCommonJSModule /home/luffy/.vscode/extensions/visualstudioexptteam.vscodeintellicode-1.1.7/dist/intellicode
[2019-07-02 11:28:35.186] [exthost] [info] ExtensionService#_doActivateExtension vscode.typescript-language-features {"startup":false,"activationEvent":"onLanguage:javascript"}
[2019-07-02 11:28:35.186] [exthost] [info] ExtensionService#loadCommonJSModule /usr/share/code/resources/app/extensions/typescript-language-features/dist/extension
