[2019-07-04 14:32:59.201] [exthost] [info] extension host started
[2019-07-04 14:32:59.212] [exthost] [info] ExtensionService#_doActivateExtension vscode.debug-auto-launch {"startup":true,"activationEvent":"*"}
[2019-07-04 14:32:59.212] [exthost] [info] ExtensionService#loadCommonJSModule /usr/share/code/resources/app/extensions/debug-auto-launch/dist/extension
[2019-07-04 14:32:59.214] [exthost] [info] ExtensionService#_doActivateExtension vscode.emmet {"startup":true,"activationEvent":"*"}
[2019-07-04 14:32:59.215] [exthost] [info] ExtensionService#loadCommonJSModule /usr/share/code/resources/app/extensions/emmet/dist/extension
[2019-07-04 14:32:59.227] [exthost] [info] ExtensionService#_doActivateExtension vscode.git {"startup":true,"activationEvent":"*"}
[2019-07-04 14:32:59.227] [exthost] [info] ExtensionService#loadCommonJSModule /usr/share/code/resources/app/extensions/git/dist/main
[2019-07-04 14:32:59.296] [exthost] [info] ExtensionService#_doActivateExtension vscode.merge-conflict {"startup":true,"activationEvent":"*"}
[2019-07-04 14:32:59.296] [exthost] [info] ExtensionService#loadCommonJSModule /usr/share/code/resources/app/extensions/merge-conflict/dist/extension
[2019-07-04 14:32:59.300] [exthost] [info] ExtensionService#_doActivateExtension christian-kohler.path-intellisense {"startup":true,"activationEvent":"*"}
[2019-07-04 14:32:59.300] [exthost] [info] ExtensionService#loadCommonJSModule /home/luffy/.vscode/extensions/christian-kohler.path-intellisense-1.4.2/out/src/extension
[2019-07-04 14:32:59.313] [exthost] [info] ExtensionService#_doActivateExtension dbaeumer.vscode-eslint {"startup":true,"activationEvent":"*"}
[2019-07-04 14:32:59.313] [exthost] [info] ExtensionService#loadCommonJSModule /home/luffy/.vscode/extensions/dbaeumer.vscode-eslint-1.9.0/client/out/extension
[2019-07-04 14:32:59.341] [exthost] [info] ExtensionService#_doActivateExtension eamodio.gitlens {"startup":true,"activationEvent":"*"}
[2019-07-04 14:32:59.341] [exthost] [info] ExtensionService#loadCommonJSModule /home/luffy/.vscode/extensions/eamodio.gitlens-9.8.2/dist/extension
[2019-07-04 14:32:59.436] [exthost] [info] eager extensions activated
[2019-07-04 14:33:00.104] [exthost] [info] ExtensionService#_doActivateExtension vscode.configuration-editing {"startup":false,"activationEvent":"onLanguage:json"}
[2019-07-04 14:33:00.104] [exthost] [info] ExtensionService#loadCommonJSModule /usr/share/code/resources/app/extensions/configuration-editing/dist/extension
[2019-07-04 14:33:00.109] [exthost] [info] ExtensionService#_doActivateExtension vscode.extension-editing {"startup":false,"activationEvent":"onLanguage:json"}
[2019-07-04 14:33:00.109] [exthost] [info] ExtensionService#loadCommonJSModule /usr/share/code/resources/app/extensions/extension-editing/dist/extension
[2019-07-04 14:33:00.139] [exthost] [info] ExtensionService#_doActivateExtension vscode.json-language-features {"startup":false,"activationEvent":"onLanguage:json"}
[2019-07-04 14:33:00.139] [exthost] [info] ExtensionService#loadCommonJSModule /usr/share/code/resources/app/extensions/json-language-features/client/dist/jsonMain
[2019-07-04 14:33:00.192] [exthost] [info] ExtensionService#_doActivateExtension vscode.npm {"startup":false,"activationEvent":"onLanguage:json"}
[2019-07-04 14:33:00.192] [exthost] [info] ExtensionService#loadCommonJSModule /usr/share/code/resources/app/extensions/npm/dist/main
[2019-07-04 14:33:00.204] [exthost] [info] ExtensionService#_doActivateExtension vscode.typescript-language-features {"startup":false,"activationEvent":"onLanguage:typescript"}
[2019-07-04 14:33:00.204] [exthost] [info] ExtensionService#loadCommonJSModule /usr/share/code/resources/app/extensions/typescript-language-features/dist/extension
[2019-07-04 14:33:00.259] [exthost] [info] ExtensionService#_doActivateExtension VisualStudioExptTeam.vscodeintellicode {"startup":false,"activationEvent":"onLanguage:typescript"}
[2019-07-04 14:33:00.259] [exthost] [info] ExtensionService#loadCommonJSModule /home/luffy/.vscode/extensions/visualstudioexptteam.vscodeintellicode-1.1.7/dist/intellicode
[2019-07-04 14:33:15.034] [exthost] [info] extension host started
[2019-07-04 14:33:15.044] [exthost] [info] ExtensionService#_doActivateExtension vscode.debug-auto-launch {"startup":true,"activationEvent":"*"}
[2019-07-04 14:33:15.044] [exthost] [info] ExtensionService#loadCommonJSModule /usr/share/code/resources/app/extensions/debug-auto-launch/dist/extension
[2019-07-04 14:33:15.046] [exthost] [info] ExtensionService#_doActivateExtension vscode.emmet {"startup":true,"activationEvent":"*"}
[2019-07-04 14:33:15.046] [exthost] [info] ExtensionService#loadCommonJSModule /usr/share/code/resources/app/extensions/emmet/dist/extension
[2019-07-04 14:33:15.048] [exthost] [info] ExtensionService#_doActivateExtension vscode.git {"startup":true,"activationEvent":"*"}
[2019-07-04 14:33:15.048] [exthost] [info] ExtensionService#loadCommonJSModule /usr/share/code/resources/app/extensions/git/dist/main
[2019-07-04 14:33:15.064] [exthost] [info] ExtensionService#_doActivateExtension vscode.merge-conflict {"startup":true,"activationEvent":"*"}
[2019-07-04 14:33:15.064] [exthost] [info] ExtensionService#loadCommonJSModule /usr/share/code/resources/app/extensions/merge-conflict/dist/extension
[2019-07-04 14:33:15.067] [exthost] [info] ExtensionService#_doActivateExtension christian-kohler.path-intellisense {"startup":true,"activationEvent":"*"}
[2019-07-04 14:33:15.067] [exthost] [info] ExtensionService#loadCommonJSModule /home/luffy/.vscode/extensions/christian-kohler.path-intellisense-1.4.2/out/src/extension
[2019-07-04 14:33:15.071] [exthost] [info] ExtensionService#_doActivateExtension dbaeumer.vscode-eslint {"startup":true,"activationEvent":"*"}
[2019-07-04 14:33:15.071] [exthost] [info] ExtensionService#loadCommonJSModule /home/luffy/.vscode/extensions/dbaeumer.vscode-eslint-1.9.0/client/out/extension
[2019-07-04 14:33:15.101] [exthost] [info] ExtensionService#_doActivateExtension eamodio.gitlens {"startup":true,"activationEvent":"*"}
[2019-07-04 14:33:15.101] [exthost] [info] ExtensionService#loadCommonJSModule /home/luffy/.vscode/extensions/eamodio.gitlens-9.8.2/dist/extension
[2019-07-04 14:33:15.123] [exthost] [info] ExtensionService#_doActivateExtension ms-vscode.cpptools {"startup":true,"activationEvent":"*"}
[2019-07-04 14:33:15.123] [exthost] [info] ExtensionService#loadCommonJSModule /home/luffy/.vscode/extensions/ms-vscode.cpptools-0.24.0/dist/main
[2019-07-04 14:33:15.475] [exthost] [info] eager extensions activated
[2019-07-04 14:33:22.676] [exthost] [info] ExtensionService#_doActivateExtension vscode.python {"startup":false,"activationEvent":"onLanguage:python"}
[2019-07-04 14:33:22.676] [exthost] [info] ExtensionService#loadCommonJSModule /usr/share/code/resources/app/extensions/python/out/pythonMain
[2019-07-04 14:33:22.677] [exthost] [info] ExtensionService#_doActivateExtension batisteo.vscode-django {"startup":false,"activationEvent":"onLanguage:python"}
[2019-07-04 14:33:22.677] [exthost] [info] ExtensionService#loadCommonJSModule /home/luffy/.vscode/extensions/batisteo.vscode-django-0.19.0/out/extension
[2019-07-04 14:33:22.691] [exthost] [info] ExtensionService#_doActivateExtension ms-python.python {"startup":false,"activationEvent":"onLanguage:python"}
[2019-07-04 14:33:22.691] [exthost] [info] ExtensionService#loadCommonJSModule /home/luffy/.vscode/extensions/ms-python.python-2019.6.22090/out/client/extension
[2019-07-04 14:33:23.116] [exthost] [info] ExtensionService#_doActivateExtension tht13.python {"startup":false,"activationEvent":"onLanguage:python"}
[2019-07-04 14:33:23.116] [exthost] [info] ExtensionService#loadCommonJSModule /home/luffy/.vscode/extensions/tht13.python-0.2.3/out/client/src/pythonMain
[2019-07-04 14:33:23.142] [exthost] [info] ExtensionService#_doActivateExtension VisualStudioExptTeam.vscodeintellicode {"startup":false,"activationEvent":"onLanguage:python"}
[2019-07-04 14:33:23.142] [exthost] [info] ExtensionService#loadCommonJSModule /home/luffy/.vscode/extensions/visualstudioexptteam.vscodeintellicode-1.1.7/dist/intellicode
